This file contains any messages produced by compilers while
running configure, to aid debugging if configure makes a mistake.

It was created by template configure 1.0, which was
generated by GNU Autoconf 2.69.  Invocation command line was

  $ ../configure CXXFLAGS=-Xpreprocessor -fopenmp -lomp --with-eigen=/opt/local/include/eigen3

## --------- ##
## Platform. ##
## --------- ##

hostname = mdc.lan
uname -m = x86_64
uname -r = 19.5.0
uname -s = Darwin
uname -v = Darwin Kernel Version 19.5.0: Tue May 26 20:41:44 PDT 2020; root:xnu-6153.121.2~2/RELEASE_X86_64

/usr/bin/uname -p = i386
/bin/uname -X     = unknown

/bin/arch              = unknown
/usr/bin/arch -k       = unknown
/usr/convex/getsysinfo = unknown
/usr/bin/hostinfo      = Mach kernel version:
	 Darwin Kernel Version 19.5.0: Tue May 26 20:41:44 PDT 2020; root:xnu-6153.121.2~2/RELEASE_X86_64
Kernel configured for up to 4 processors.
2 processors are physically available.
4 processors are logically available.
Processor type: x86_64h (Intel x86-64h Haswell)
Processors active: 0 1 2 3
Primary memory available: 8.00 gigabytes
Default processor set: 454 tasks, 2489 threads, 4 processors
Load average: 3.63, Mach factor: 1.18
/bin/machine           = unknown
/usr/bin/oslevel       = unknown
/bin/universe          = unknown

PATH: /usr/local/bin
PATH: /usr/bin
PATH: /bin
PATH: /usr/sbin
PATH: /sbin
PATH: /Library/TeX/texbin
PATH: /opt/X11/bin


## ----------- ##
## Core tests. ##
## ----------- ##

configure:2195: checking for a BSD-compatible install
configure:2263: result: /usr/local/bin/ginstall -c
configure:2274: checking whether build environment is sane
configure:2329: result: yes
configure:2480: checking for a thread-safe mkdir -p
configure:2519: result: /usr/local/bin/gmkdir -p
configure:2526: checking for gawk
configure:2556: result: no
configure:2526: checking for mawk
configure:2556: result: no
configure:2526: checking for nawk
configure:2556: result: no
configure:2526: checking for awk
configure:2542: found /usr/bin/awk
configure:2553: result: awk
configure:2564: checking whether make sets $(MAKE)
configure:2586: result: yes
configure:2615: checking whether make supports nested variables
configure:2632: result: yes
configure:2756: checking build system type
configure:2770: result: x86_64-apple-darwin19.5.0
configure:2790: checking host system type
configure:2803: result: x86_64-apple-darwin19.5.0
configure:2867: checking for ranlib
configure:2883: found /usr/bin/ranlib
configure:2894: result: ranlib
configure:2965: checking for gcc
configure:2981: found /usr/bin/gcc
configure:2992: result: gcc
configure:3221: checking for C compiler version
configure:3230: gcc --version >&5
Apple clang version 11.0.3 (clang-1103.0.32.62)
Target: x86_64-apple-darwin19.5.0
Thread model: posix
InstalledDir: /Library/Developer/CommandLineTools/usr/bin
Configured with: --prefix=/Library/Developer/CommandLineTools/usr --with-gxx-include-dir=/Library/Developer/CommandLineTools/SDKs/MacOSX.sdk/usr/include/c++/4.2.1
configure:3241: $? = 0
configure:3230: gcc -v >&5
Configured with: --prefix=/Library/Developer/CommandLineTools/usr --with-gxx-include-dir=/Library/Developer/CommandLineTools/SDKs/MacOSX.sdk/usr/include/c++/4.2.1
Apple clang version 11.0.3 (clang-1103.0.32.62)
Target: x86_64-apple-darwin19.5.0
Thread model: posix
InstalledDir: /Library/Developer/CommandLineTools/usr/bin
configure:3241: $? = 0
configure:3230: gcc -V >&5
clang: error: unsupported option '-V -Wno-objc-signed-char-bool-implicit-int-conversion'
clang: error: no input files
configure:3241: $? = 1
configure:3230: gcc -qversion >&5
clang: error: unknown argument '-qversion'; did you mean '--version'?
clang: error: no input files
configure:3241: $? = 1
configure:3261: checking whether the C compiler works
configure:3283: gcc    conftest.c  >&5
configure:3287: $? = 0
configure:3335: result: yes
configure:3338: checking for C compiler default output file name
configure:3340: result: a.out
configure:3346: checking for suffix of executables
configure:3353: gcc -o conftest    conftest.c  >&5
configure:3357: $? = 0
configure:3379: result: 
configure:3401: checking whether we are cross compiling
configure:3409: gcc -o conftest    conftest.c  >&5
configure:3413: $? = 0
configure:3420: ./conftest
configure:3424: $? = 0
configure:3439: result: no
configure:3444: checking for suffix of object files
configure:3466: gcc -c   conftest.c >&5
configure:3470: $? = 0
configure:3491: result: o
configure:3495: checking whether we are using the GNU C compiler
configure:3514: gcc -c   conftest.c >&5
configure:3514: $? = 0
configure:3523: result: yes
configure:3532: checking whether gcc accepts -g
configure:3552: gcc -c -g  conftest.c >&5
configure:3552: $? = 0
configure:3593: result: yes
configure:3610: checking for gcc option to accept ISO C89
configure:3673: gcc  -c -g -O2  conftest.c >&5
configure:3673: $? = 0
configure:3686: result: none needed
configure:3711: checking whether gcc understands -c and -o together
configure:3733: gcc -c conftest.c -o conftest2.o
configure:3736: $? = 0
configure:3733: gcc -c conftest.c -o conftest2.o
configure:3736: $? = 0
configure:3748: result: yes
configure:3776: checking for style of include used by make
configure:3804: result: GNU
configure:3830: checking dependency style of gcc
configure:3941: result: gcc3
configure:4014: checking for g++
configure:4030: found /usr/bin/g++
configure:4041: result: g++
configure:4068: checking for C++ compiler version
configure:4077: g++ --version >&5
Apple clang version 11.0.3 (clang-1103.0.32.62)
Target: x86_64-apple-darwin19.5.0
Thread model: posix
InstalledDir: /Library/Developer/CommandLineTools/usr/bin
Configured with: --prefix=/Library/Developer/CommandLineTools/usr --with-gxx-include-dir=/Library/Developer/CommandLineTools/SDKs/MacOSX.sdk/usr/include/c++/4.2.1
configure:4088: $? = 0
configure:4077: g++ -v >&5
Configured with: --prefix=/Library/Developer/CommandLineTools/usr --with-gxx-include-dir=/Library/Developer/CommandLineTools/SDKs/MacOSX.sdk/usr/include/c++/4.2.1
Apple clang version 11.0.3 (clang-1103.0.32.62)
Target: x86_64-apple-darwin19.5.0
Thread model: posix
InstalledDir: /Library/Developer/CommandLineTools/usr/bin
configure:4088: $? = 0
configure:4077: g++ -V >&5
clang: error: unsupported option '-V -Wno-objc-signed-char-bool-implicit-int-conversion'
clang: error: no input files
configure:4088: $? = 1
configure:4077: g++ -qversion >&5
clang: error: unknown argument '-qversion'; did you mean '--version'?
clang: error: no input files
configure:4088: $? = 1
configure:4092: checking whether we are using the GNU C++ compiler
configure:4111: g++ -c -Xpreprocessor -fopenmp -lomp  conftest.cpp >&5
clang: warning: -lomp: 'linker' input unused [-Wunused-command-line-argument]
configure:4111: $? = 0
configure:4120: result: yes
configure:4129: checking whether g++ accepts -g
configure:4149: g++ -c -g  conftest.cpp >&5
configure:4149: $? = 0
configure:4190: result: yes
configure:4215: checking dependency style of g++
configure:4326: result: gcc3
configure:4360: checking whether make supports nested variables
configure:4377: result: yes
configure:4397: checking whether g++ supports C++11 features by default
configure:4457: g++ -c -Xpreprocessor -fopenmp -lomp  conftest.cpp >&5
clang: warning: -lomp: 'linker' input unused [-Wunused-command-line-argument]
conftest.cpp:13:21: error: expected parameter declarator
      static_assert(sizeof(int) <= sizeof(T), "not big enough");
                    ^
conftest.cpp:13:21: error: expected ')'
conftest.cpp:13:20: note: to match this '('
      static_assert(sizeof(int) <= sizeof(T), "not big enough");
                   ^
conftest.cpp:13:7: error: C++ requires a type specifier for all declarations
      static_assert(sizeof(int) <= sizeof(T), "not big enough");
      ^
conftest.cpp:20:22: warning: 'override' keyword is a C++11 extension [-Wc++11-extensions]
    virtual void f() override {}
                     ^
conftest.cpp:23:29: error: a space is required between consecutive right angle brackets (use '> >')
    typedef check<check<bool>> right_angle_brackets;
                            ^~
                            > >
conftest.cpp:26:5: error: unknown type name 'decltype'
    decltype(a) b;
    ^
conftest.cpp:26:16: error: expected ';' after top level declarator
    decltype(a) b;
               ^
               ;
conftest.cpp:30:15: warning: rvalue references are a C++11 extension [-Wc++11-extensions]
    check_type&& cr = static_cast<check_type&&>(c);
              ^
conftest.cpp:30:45: warning: rvalue references are a C++11 extension [-Wc++11-extensions]
    check_type&& cr = static_cast<check_type&&>(c);
                                            ^
conftest.cpp:32:5: warning: 'auto' type specifier is a C++11 extension [-Wc++11-extensions]
    auto d = a;
    ^
conftest.cpp:33:5: warning: 'auto' type specifier is a C++11 extension [-Wc++11-extensions]
    auto l = [](){};
    ^
conftest.cpp:33:14: error: expected expression
    auto l = [](){};
             ^
conftest.cpp:43:24: warning: alias declarations are a C++11 extension [-Wc++11-extensions]
        using member = typename T::member_type;
                       ^
conftest.cpp:59:17: error: expected expression
    void noret [[noreturn]] () { throw 0; }
                ^
6 warnings and 8 errors generated.
configure:4457: $? = 1
configure: failed program was:
| /* confdefs.h */
| #define PACKAGE_NAME "template"
| #define PACKAGE_TARNAME "template"
| #define PACKAGE_VERSION "1.0"
| #define PACKAGE_STRING "template 1.0"
| #define PACKAGE_BUGREPORT "fr.sanfilippo@gmail.com"
| #define PACKAGE_URL ""
| /* end confdefs.h.  */
| 
|   template <typename T>
|     struct check
|     {
|       static_assert(sizeof(int) <= sizeof(T), "not big enough");
|     };
| 
|     struct Base {
|     virtual void f() {}
|     };
|     struct Child : public Base {
|     virtual void f() override {}
|     };
| 
|     typedef check<check<bool>> right_angle_brackets;
| 
|     int a;
|     decltype(a) b;
| 
|     typedef check<int> check_type;
|     check_type c;
|     check_type&& cr = static_cast<check_type&&>(c);
| 
|     auto d = a;
|     auto l = [](){};
|     // Prevent Clang error: unused variable 'l' [-Werror,-Wunused-variable]
|     struct use_l { use_l() { l(); } };
| 
|     // http://stackoverflow.com/questions/13728184/template-aliases-and-sfinae
|     // Clang 3.1 fails with headers of libstd++ 4.8.3 when using std::function because of this
|     namespace test_template_alias_sfinae {
|         struct foo {};
| 
|         template<typename T>
|         using member = typename T::member_type;
| 
|         template<typename T>
|         void func(...) {}
| 
|         template<typename T>
|         void func(member<T>*) {}
| 
|         void test();
| 
|         void test() {
|             func<foo>(0);
|         }
|     }
| 
|     // Check for C++11 attribute support
|     void noret [[noreturn]] () { throw 0; }
| 
configure:4464: result: no
configure:4475: checking whether g++ supports C++11 features with -std=c++11
configure:4537: g++ -c -Xpreprocessor -fopenmp -lomp -std=c++11  conftest.cpp >&5
clang: warning: -lomp: 'linker' input unused [-Wunused-command-line-argument]
configure:4537: $? = 0
configure:4546: result: yes
configure:4586: checking CXXFLAGS for maximum warnings
configure:4606: g++ -c -Xpreprocessor -fopenmp -lomp -std=c++11 -qflag=i:i  -qflag=i:i  conftest.cpp >&5
clang: error: unknown argument: '-qflag=i:i'
clang: error: unknown argument: '-qflag=i:i'
clang: warning: -lomp: 'linker' input unused [-Wunused-command-line-argument]
configure:4606: $? = 1
configure: failed program was:
| /* confdefs.h */
| #define PACKAGE_NAME "template"
| #define PACKAGE_TARNAME "template"
| #define PACKAGE_VERSION "1.0"
| #define PACKAGE_STRING "template 1.0"
| #define PACKAGE_BUGREPORT "fr.sanfilippo@gmail.com"
| #define PACKAGE_URL ""
| /* end confdefs.h.  */
| 
| int
| main ()
| {
| 
|   ;
|   return 0;
| }
configure:4606: g++ -c -Xpreprocessor -fopenmp -lomp -std=c++11 -warn all  -warn all  conftest.cpp >&5
clang: error: unknown argument: '-warn'
clang: error: unknown argument: '-warn'
clang: error: no such file or directory: 'all'
clang: error: no such file or directory: 'all'
clang: warning: -lomp: 'linker' input unused [-Wunused-command-line-argument]
configure:4606: $? = 1
configure: failed program was:
| /* confdefs.h */
| #define PACKAGE_NAME "template"
| #define PACKAGE_TARNAME "template"
| #define PACKAGE_VERSION "1.0"
| #define PACKAGE_STRING "template 1.0"
| #define PACKAGE_BUGREPORT "fr.sanfilippo@gmail.com"
| #define PACKAGE_URL ""
| /* end confdefs.h.  */
| 
| int
| main ()
| {
| 
|   ;
|   return 0;
| }
configure:4606: g++ -c -Xpreprocessor -fopenmp -lomp -std=c++11 -pedantic  -Wall  conftest.cpp >&5
clang: warning: -lomp: 'linker' input unused [-Wunused-command-line-argument]
configure:4606: $? = 0
configure:4614: result: -Wall
configure:4634: : CXXFLAGS="$CXXFLAGS"
configure:4637: $? = 0
configure:4673: result: with Eigen... /opt/local/include/eigen3
configure:4686: checking how to run the C++ preprocessor
configure:4713: g++ -E  -I/opt/local/include/eigen3 conftest.cpp
configure:4713: $? = 0
configure:4727: g++ -E  -I/opt/local/include/eigen3 conftest.cpp
conftest.cpp:9:10: fatal error: 'ac_nonexistent.h' file not found
#include <ac_nonexistent.h>
         ^~~~~~~~~~~~~~~~~~
1 error generated.
configure:4727: $? = 1
configure: failed program was:
| /* confdefs.h */
| #define PACKAGE_NAME "template"
| #define PACKAGE_TARNAME "template"
| #define PACKAGE_VERSION "1.0"
| #define PACKAGE_STRING "template 1.0"
| #define PACKAGE_BUGREPORT "fr.sanfilippo@gmail.com"
| #define PACKAGE_URL ""
| /* end confdefs.h.  */
| #include <ac_nonexistent.h>
configure:4752: result: g++ -E
configure:4772: g++ -E  -I/opt/local/include/eigen3 conftest.cpp
configure:4772: $? = 0
configure:4786: g++ -E  -I/opt/local/include/eigen3 conftest.cpp
conftest.cpp:9:10: fatal error: 'ac_nonexistent.h' file not found
#include <ac_nonexistent.h>
         ^~~~~~~~~~~~~~~~~~
1 error generated.
configure:4786: $? = 1
configure: failed program was:
| /* confdefs.h */
| #define PACKAGE_NAME "template"
| #define PACKAGE_TARNAME "template"
| #define PACKAGE_VERSION "1.0"
| #define PACKAGE_STRING "template 1.0"
| #define PACKAGE_BUGREPORT "fr.sanfilippo@gmail.com"
| #define PACKAGE_URL ""
| /* end confdefs.h.  */
| #include <ac_nonexistent.h>
configure:4815: checking for grep that handles long lines and -e
configure:4873: result: /usr/bin/grep
configure:4878: checking for egrep
configure:4940: result: /usr/bin/grep -E
configure:4945: checking for ANSI C header files
configure:4965: g++ -c -Xpreprocessor -fopenmp -lomp -std=c++11 -Wall  -I/opt/local/include/eigen3 conftest.cpp >&5
clang: warning: -lomp: 'linker' input unused [-Wunused-command-line-argument]
configure:4965: $? = 0
configure:5038: g++ -o conftest -Xpreprocessor -fopenmp -lomp -std=c++11 -Wall  -I/opt/local/include/eigen3  conftest.cpp  >&5
configure:5038: $? = 0
configure:5038: ./conftest
configure:5038: $? = 0
configure:5049: result: yes
configure:5062: checking for sys/types.h
configure:5062: g++ -c -Xpreprocessor -fopenmp -lomp -std=c++11 -Wall  -I/opt/local/include/eigen3 conftest.cpp >&5
clang: warning: -lomp: 'linker' input unused [-Wunused-command-line-argument]
configure:5062: $? = 0
configure:5062: result: yes
configure:5062: checking for sys/stat.h
configure:5062: g++ -c -Xpreprocessor -fopenmp -lomp -std=c++11 -Wall  -I/opt/local/include/eigen3 conftest.cpp >&5
clang: warning: -lomp: 'linker' input unused [-Wunused-command-line-argument]
configure:5062: $? = 0
configure:5062: result: yes
configure:5062: checking for stdlib.h
configure:5062: g++ -c -Xpreprocessor -fopenmp -lomp -std=c++11 -Wall  -I/opt/local/include/eigen3 conftest.cpp >&5
clang: warning: -lomp: 'linker' input unused [-Wunused-command-line-argument]
configure:5062: $? = 0
configure:5062: result: yes
configure:5062: checking for string.h
configure:5062: g++ -c -Xpreprocessor -fopenmp -lomp -std=c++11 -Wall  -I/opt/local/include/eigen3 conftest.cpp >&5
clang: warning: -lomp: 'linker' input unused [-Wunused-command-line-argument]
configure:5062: $? = 0
configure:5062: result: yes
configure:5062: checking for memory.h
configure:5062: g++ -c -Xpreprocessor -fopenmp -lomp -std=c++11 -Wall  -I/opt/local/include/eigen3 conftest.cpp >&5
clang: warning: -lomp: 'linker' input unused [-Wunused-command-line-argument]
configure:5062: $? = 0
configure:5062: result: yes
configure:5062: checking for strings.h
configure:5062: g++ -c -Xpreprocessor -fopenmp -lomp -std=c++11 -Wall  -I/opt/local/include/eigen3 conftest.cpp >&5
clang: warning: -lomp: 'linker' input unused [-Wunused-command-line-argument]
configure:5062: $? = 0
configure:5062: result: yes
configure:5062: checking for inttypes.h
configure:5062: g++ -c -Xpreprocessor -fopenmp -lomp -std=c++11 -Wall  -I/opt/local/include/eigen3 conftest.cpp >&5
clang: warning: -lomp: 'linker' input unused [-Wunused-command-line-argument]
configure:5062: $? = 0
configure:5062: result: yes
configure:5062: checking for stdint.h
configure:5062: g++ -c -Xpreprocessor -fopenmp -lomp -std=c++11 -Wall  -I/opt/local/include/eigen3 conftest.cpp >&5
clang: warning: -lomp: 'linker' input unused [-Wunused-command-line-argument]
configure:5062: $? = 0
configure:5062: result: yes
configure:5062: checking for unistd.h
configure:5062: g++ -c -Xpreprocessor -fopenmp -lomp -std=c++11 -Wall  -I/opt/local/include/eigen3 conftest.cpp >&5
clang: warning: -lomp: 'linker' input unused [-Wunused-command-line-argument]
configure:5062: $? = 0
configure:5062: result: yes
configure:5076: checking Eigen/Dense usability
configure:5076: g++ -c -Xpreprocessor -fopenmp -lomp -std=c++11 -Wall  -I/opt/local/include/eigen3 conftest.cpp >&5
clang: warning: -lomp: 'linker' input unused [-Wunused-command-line-argument]
configure:5076: $? = 0
configure:5076: result: yes
configure:5076: checking Eigen/Dense presence
configure:5076: g++ -E  -I/opt/local/include/eigen3 conftest.cpp
configure:5076: $? = 0
configure:5076: result: yes
configure:5076: checking for Eigen/Dense
configure:5076: result: yes
configure:5102: result: enabling Eigen ... 
configure:5114: checking for g++ option to support OpenMP
configure:5129: g++ -o conftest -Xpreprocessor -fopenmp -lomp -std=c++11 -Wall  -I/opt/local/include/eigen3  conftest.cpp  >&5
configure:5129: $? = 0
configure:5161: result: none needed
configure:5289: checking that generated files are newer than configure
configure:5295: result: done
configure:5322: creating ./config.status

## ---------------------- ##
## Running config.status. ##
## ---------------------- ##

This file was extended by template config.status 1.0, which was
generated by GNU Autoconf 2.69.  Invocation command line was

  CONFIG_FILES    = 
  CONFIG_HEADERS  = 
  CONFIG_LINKS    = 
  CONFIG_COMMANDS = 
  $ ./config.status 

on mdc.lan

config.status:870: creating Makefile
config.status:870: creating bin/Makefile
config.status:870: creating bin/config.hpp
config.status:1036: bin/config.hpp is unchanged
config.status:1084: executing depfiles commands

## ---------------- ##
## Cache variables. ##
## ---------------- ##

ac_cv_build=x86_64-apple-darwin19.5.0
ac_cv_c_compiler_gnu=yes
ac_cv_cxx_compiler_gnu=yes
ac_cv_cxxflags_warn_all=-Wall
ac_cv_env_CCC_set=
ac_cv_env_CCC_value=
ac_cv_env_CC_set=
ac_cv_env_CC_value=
ac_cv_env_CFLAGS_set=
ac_cv_env_CFLAGS_value=
ac_cv_env_CPPFLAGS_set=
ac_cv_env_CPPFLAGS_value=
ac_cv_env_CXXCPP_set=
ac_cv_env_CXXCPP_value=
ac_cv_env_CXXFLAGS_set=set
ac_cv_env_CXXFLAGS_value='-Xpreprocessor -fopenmp -lomp'
ac_cv_env_CXX_set=
ac_cv_env_CXX_value=
ac_cv_env_LDFLAGS_set=
ac_cv_env_LDFLAGS_value=
ac_cv_env_LIBS_set=
ac_cv_env_LIBS_value=
ac_cv_env_build_alias_set=
ac_cv_env_build_alias_value=
ac_cv_env_host_alias_set=
ac_cv_env_host_alias_value=
ac_cv_env_target_alias_set=
ac_cv_env_target_alias_value=
ac_cv_header_Eigen_Dense=yes
ac_cv_header_inttypes_h=yes
ac_cv_header_memory_h=yes
ac_cv_header_stdc=yes
ac_cv_header_stdint_h=yes
ac_cv_header_stdlib_h=yes
ac_cv_header_string_h=yes
ac_cv_header_strings_h=yes
ac_cv_header_sys_stat_h=yes
ac_cv_header_sys_types_h=yes
ac_cv_header_unistd_h=yes
ac_cv_host=x86_64-apple-darwin19.5.0
ac_cv_objext=o
ac_cv_path_EGREP='/usr/bin/grep -E'
ac_cv_path_GREP=/usr/bin/grep
ac_cv_path_install='/usr/local/bin/ginstall -c'
ac_cv_path_mkdir=/usr/local/bin/gmkdir
ac_cv_prog_AWK=awk
ac_cv_prog_CXXCPP='g++ -E'
ac_cv_prog_ac_ct_CC=gcc
ac_cv_prog_ac_ct_CXX=g++
ac_cv_prog_ac_ct_RANLIB=ranlib
ac_cv_prog_cc_c89=
ac_cv_prog_cc_g=yes
ac_cv_prog_cxx_g=yes
ac_cv_prog_cxx_openmp='none needed'
ac_cv_prog_make_make_set=yes
am_cv_CC_dependencies_compiler_type=gcc3
am_cv_CXX_dependencies_compiler_type=gcc3
am_cv_make_support_nested_variables=yes
am_cv_prog_cc_c_o=yes
ax_cv_cxx_compile_cxx11=no
ax_cv_cxx_compile_cxx11__std_cpp11=yes

## ----------------- ##
## Output variables. ##
## ----------------- ##

ACLOCAL='${SHELL} /Users/matteo/Works/LQCD/Sources/Sub_g2aInf/config/missing aclocal-1.15'
AMDEPBACKSLASH='\'
AMDEP_FALSE='#'
AMDEP_TRUE=''
AMTAR='$${TAR-tar}'
AM_BACKSLASH='\'
AM_DEFAULT_V='$(AM_DEFAULT_VERBOSITY)'
AM_DEFAULT_VERBOSITY='0'
AM_V='$(V)'
AUTOCONF='${SHELL} /Users/matteo/Works/LQCD/Sources/Sub_g2aInf/config/missing autoconf'
AUTOHEADER='${SHELL} /Users/matteo/Works/LQCD/Sources/Sub_g2aInf/config/missing autoheader'
AUTOMAKE='${SHELL} /Users/matteo/Works/LQCD/Sources/Sub_g2aInf/config/missing automake-1.15'
AWK='awk'
CC='gcc'
CCDEPMODE='depmode=gcc3'
CFLAGS='-Xpreprocessor -fopenmp -lomp -std=c++11 -Wall '
CPPFLAGS=' -I/opt/local/include/eigen3 '
CXX='g++'
CXXCPP='g++ -E'
CXXDEPMODE='depmode=gcc3'
CXXFLAGS='-O3 -Xpreprocessor -fopenmp -lomp -std=c++11 -Wall '
CYGPATH_W='echo'
DEFS='-DHAVE_CONFIG_H'
DEPDIR='.deps'
ECHO_C='\c'
ECHO_N=''
ECHO_T=''
EGREP='/usr/bin/grep -E'
EXEEXT=''
GREP='/usr/bin/grep'
HAVE_CXX11=''
INSTALL_DATA='${INSTALL} -m 644'
INSTALL_PROGRAM='${INSTALL}'
INSTALL_SCRIPT='${INSTALL}'
INSTALL_STRIP_PROGRAM='$(install_sh) -c -s'
LDFLAGS=''
LIBOBJS=''
LIBS=''
LTLIBOBJS=''
MAKEINFO='${SHELL} /Users/matteo/Works/LQCD/Sources/Sub_g2aInf/config/missing makeinfo'
MKDIR_P='/usr/local/bin/gmkdir -p'
OBJEXT='o'
OPENMP_CXXFLAGS=''
PACKAGE='template'
PACKAGE_BUGREPORT='fr.sanfilippo@gmail.com'
PACKAGE_NAME='template'
PACKAGE_STRING='template 1.0'
PACKAGE_TARNAME='template'
PACKAGE_URL=''
PACKAGE_VERSION='1.0'
PATH_SEPARATOR=':'
RANLIB='ranlib'
SET_MAKE=''
SHELL='/bin/sh'
STRIP=''
VERSION='1.0'
ac_ct_CC='gcc'
ac_ct_CXX='g++'
am__EXEEXT_FALSE=''
am__EXEEXT_TRUE='#'
am__fastdepCC_FALSE='#'
am__fastdepCC_TRUE=''
am__fastdepCXX_FALSE='#'
am__fastdepCXX_TRUE=''
am__include='include'
am__isrc=' -I$(srcdir)'
am__leading_dot='.'
am__nodep='_no'
am__quote=''
am__tar='$${TAR-tar} chof - "$$tardir"'
am__untar='$${TAR-tar} xf -'
bindir='${exec_prefix}/bin'
build='x86_64-apple-darwin19.5.0'
build_alias=''
build_cpu='x86_64'
build_os='darwin19.5.0'
build_vendor='apple'
datadir='${datarootdir}'
datarootdir='${prefix}/share'
docdir='${datarootdir}/doc/${PACKAGE_TARNAME}'
dvidir='${docdir}'
exec_prefix='${prefix}'
host='x86_64-apple-darwin19.5.0'
host_alias=''
host_cpu='x86_64'
host_os='darwin19.5.0'
host_vendor='apple'
htmldir='${docdir}'
includedir='${prefix}/include'
infodir='${datarootdir}/info'
install_sh='${SHELL} /Users/matteo/Works/LQCD/Sources/Sub_g2aInf/config/install-sh'
libdir='${exec_prefix}/lib'
libexecdir='${exec_prefix}/libexec'
localedir='${datarootdir}/locale'
localstatedir='${prefix}/var'
mandir='${datarootdir}/man'
mkdir_p='$(MKDIR_P)'
oldincludedir='/usr/include'
pdfdir='${docdir}'
prefix='/usr/local'
program_transform_name='s,x,x,'
psdir='${docdir}'
sbindir='${exec_prefix}/sbin'
sharedstatedir='${prefix}/com'
sysconfdir='${prefix}/etc'
target_alias=''

## ----------- ##
## confdefs.h. ##
## ----------- ##

/* confdefs.h */
#define PACKAGE_NAME "template"
#define PACKAGE_TARNAME "template"
#define PACKAGE_VERSION "1.0"
#define PACKAGE_STRING "template 1.0"
#define PACKAGE_BUGREPORT "fr.sanfilippo@gmail.com"
#define PACKAGE_URL ""
#define STDC_HEADERS 1
#define HAVE_SYS_TYPES_H 1
#define HAVE_SYS_STAT_H 1
#define HAVE_STDLIB_H 1
#define HAVE_STRING_H 1
#define HAVE_MEMORY_H 1
#define HAVE_STRINGS_H 1
#define HAVE_INTTYPES_H 1
#define HAVE_STDINT_H 1
#define HAVE_UNISTD_H 1
#define HAVE_EIGEN_DENSE 1
#define USE_EIGEN 1

configure: exit 0

## ---------------------- ##
## Running config.status. ##
## ---------------------- ##

This file was extended by template config.status 1.0, which was
generated by GNU Autoconf 2.69.  Invocation command line was

  CONFIG_FILES    = 
  CONFIG_HEADERS  = 
  CONFIG_LINKS    = 
  CONFIG_COMMANDS = 
  $ ./config.status bin/Makefile depfiles

on mdc.lan

config.status:870: creating bin/Makefile
config.status:1084: executing depfiles commands

## ---------------------- ##
## Running config.status. ##
## ---------------------- ##

This file was extended by template config.status 1.0, which was
generated by GNU Autoconf 2.69.  Invocation command line was

  CONFIG_FILES    = 
  CONFIG_HEADERS  = 
  CONFIG_LINKS    = 
  CONFIG_COMMANDS = 
  $ ./config.status bin/Makefile depfiles

on mdc.lan

config.status:870: creating bin/Makefile
config.status:1084: executing depfiles commands
